<?xml version="1.0" encoding="UTF-8"?>
<!-- Generated by org.testng.reporters.JUnitReportReporter -->
<testsuite skipped="0" hostname="rohiot-VAIO" name="com.nopCommerceV2.testCases.Test_Login_001" tests="2" failures="0" timestamp="2019-11-30T19:14:02 IST" time="33.759" errors="0">
  <testcase name="loginTest" time="16.657" classname="com.nopCommerceV2.testCases.Test_Login_001"/>
  <testcase name="loginTest" time="17.102" classname="com.nopCommerceV2.testCases.Test_Login_001"/>
</testsuite> <!-- com.nopCommerceV2.testCases.Test_Login_001 -->
